# JRE version: OpenJDK Runtime Environment (8.0_382-b05) (build 1.8.0_382-b05)
# Java VM: OpenJDK 64-Bit Server VM (25.382-b05 mixed mode bsd-amd64 compressed oops)
Heap:
 PSYoungGen      total 541184K, used 214756K [0x000000076ab00000, 0x000000078e180000, 0x00000007c0000000)
  eden space 532992K, 40% used [0x000000076ab00000,0x0000000777c79160,0x000000078b380000)
  from space 8192K, 3% used [0x000000078d980000,0x000000078d9c0000,0x000000078e180000)
  to   space 23552K, 0% used [0x000000078b380000,0x000000078b380000,0x000000078ca80000)
 ParOldGen       total 109568K, used 18713K [0x00000006c0000000, 0x00000006c6b00000, 0x000000076ab00000)
  object space 109568K, 17% used [0x00000006c0000000,0x00000006c1246738,0x00000006c6b00000)
 Metaspace       used 25092K, capacity 25533K, committed 25728K, reserved 1071104K
  class space    used 2982K, capacity 3103K, committed 3200K, reserved 1048576K
GC Heap History (10 events):
Event: 5.658 GC heap before
{Heap before GC invocations=5 (full 1):
 PSYoungGen      total 141824K, used 131072K [0x000000076ab00000, 0x000000077c000000, 0x00000007c0000000)
  eden space 131072K, 100% used [0x000000076ab00000,0x0000000772b00000,0x0000000772b00000)
  from space 10752K, 0% used [0x0000000772b00000,0x0000000772b00000,0x0000000773580000)
  to   space 10752K, 0% used [0x000000077b580000,0x000000077b580000,0x000000077c000000)
 ParOldGen       total 109568K, used 17610K [0x00000006c0000000, 0x00000006c6b00000, 0x000000076ab00000)
  object space 109568K, 16% used [0x00000006c0000000,0x00000006c1132980,0x00000006c6b00000)
 Metaspace       used 24862K, capacity 25287K, committed 25472K, reserved 1071104K
  class space    used 2972K, capacity 3094K, committed 3200K, reserved 1048576K
Event: 5.664 GC heap after
Heap after GC invocations=5 (full 1):
 PSYoungGen      total 222208K, used 3020K [0x000000076ab00000, 0x000000077b880000, 0x00000007c0000000)
  eden space 219136K, 0% used [0x000000076ab00000,0x000000076ab00000,0x0000000778100000)
  from space 3072K, 98% used [0x000000077b580000,0x000000077b873290,0x000000077b880000)
  to   space 10752K, 0% used [0x000000077a380000,0x000000077a380000,0x000000077ae00000)
 ParOldGen       total 109568K, used 17610K [0x00000006c0000000, 0x00000006c6b00000, 0x000000076ab00000)
  object space 109568K, 16% used [0x00000006c0000000,0x00000006c1132980,0x00000006c6b00000)
 Metaspace       used 24862K, capacity 25287K, committed 25472K, reserved 1071104K
  class space    used 2972K, capacity 3094K, committed 3200K, reserved 1048576K
}
Event: 6.630 GC heap before
{Heap before GC invocations=6 (full 1):
 PSYoungGen      total 222208K, used 222156K [0x000000076ab00000, 0x000000077b880000, 0x00000007c0000000)
  eden space 219136K, 100% used [0x000000076ab00000,0x0000000778100000,0x0000000778100000)
  from space 3072K, 98% used [0x000000077b580000,0x000000077b873290,0x000000077b880000)
  to   space 10752K, 0% used [0x000000077a380000,0x000000077a380000,0x000000077ae00000)
 ParOldGen       total 109568K, used 17610K [0x00000006c0000000, 0x00000006c6b00000, 0x000000076ab00000)
  object space 109568K, 16% used [0x00000006c0000000,0x00000006c1132980,0x00000006c6b00000)
 Metaspace       used 24967K, capacity 25375K, committed 25728K, reserved 1071104K
  class space    used 2975K, capacity 3098K, committed 3200K, reserved 1048576K
Event: 6.635 GC heap after
Heap after GC invocations=6 (full 1):
 PSYoungGen      total 265216K, used 1230K [0x000000076ab00000, 0x0000000783680000, 0x00000007c0000000)
  eden space 254464K, 0% used [0x000000076ab00000,0x000000076ab00000,0x000000077a380000)
  from space 10752K, 11% used [0x000000077a380000,0x000000077a4b3890,0x000000077ae00000)
  to   space 24064K, 0% used [0x0000000781f00000,0x0000000781f00000,0x0000000783680000)
 ParOldGen       total 109568K, used 17618K [0x00000006c0000000, 0x00000006c6b00000, 0x000000076ab00000)
  object space 109568K, 16% used [0x00000006c0000000,0x00000006c1134980,0x00000006c6b00000)
 Metaspace       used 24967K, capacity 25375K, committed 25728K, reserved 1071104K
  class space    used 2975K, capacity 3098K, committed 3200K, reserved 1048576K
}
Event: 7.573 GC heap before
{Heap before GC invocations=7 (full 1):
 PSYoungGen      total 265216K, used 255694K [0x000000076ab00000, 0x0000000783680000, 0x00000007c0000000)
  eden space 254464K, 100% used [0x000000076ab00000,0x000000077a380000,0x000000077a380000)
  from space 10752K, 11% used [0x000000077a380000,0x000000077a4b3890,0x000000077ae00000)
  to   space 24064K, 0% used [0x0000000781f00000,0x0000000781f00000,0x0000000783680000)
 ParOldGen       total 109568K, used 17618K [0x00000006c0000000, 0x00000006c6b00000, 0x000000076ab00000)
  object space 109568K, 16% used [0x00000006c0000000,0x00000006c1134980,0x00000006c6b00000)
 Metaspace       used 24995K, capacity 25439K, committed 25728K, reserved 1071104K
  class space    used 2977K, capacity 3098K, committed 3200K, reserved 1048576K
Event: 7.579 GC heap after
Heap after GC invocations=7 (full 1):
 PSYoungGen      total 380416K, used 1198K [0x000000076ab00000, 0x0000000786500000, 0x00000007c0000000)
  eden space 356352K, 0% used [0x000000076ab00000,0x000000076ab00000,0x0000000780700000)
  from space 24064K, 4% used [0x0000000781f00000,0x000000078202b890,0x0000000783680000)
  to   space 24576K, 0% used [0x0000000780700000,0x0000000780700000,0x0000000781f00000)
 ParOldGen       total 109568K, used 17626K [0x00000006c0000000, 0x00000006c6b00000, 0x000000076ab00000)
  object space 109568K, 16% used [0x00000006c0000000,0x00000006c1136980,0x00000006c6b00000)
 Metaspace       used 24995K, capacity 25439K, committed 25728K, reserved 1071104K
  class space    used 2977K, capacity 3098K, committed 3200K, reserved 1048576K
}
Event: 8.883 GC heap before
{Heap before GC invocations=8 (full 1):
 PSYoungGen      total 380416K, used 357550K [0x000000076ab00000, 0x0000000786500000, 0x00000007c0000000)
  eden space 356352K, 100% used [0x000000076ab00000,0x0000000780700000,0x0000000780700000)
  from space 24064K, 4% used [0x0000000781f00000,0x000000078202b890,0x0000000783680000)
  to   space 24576K, 0% used [0x0000000780700000,0x0000000780700000,0x0000000781f00000)
 ParOldGen       total 109568K, used 17626K [0x00000006c0000000, 0x00000006c6b00000, 0x000000076ab00000)
  object space 109568K, 16% used [0x00000006c0000000,0x00000006c1136980,0x00000006c6b00000)
 Metaspace       used 25029K, capacity 25445K, committed 25728K, reserved 1071104K
  class space    used 2979K, capacity 3099K, committed 3200K, reserved 1048576K
Event: 8.889 GC heap after
Heap after GC invocations=8 (full 1):
 PSYoungGen      total 380928K, used 1262K [0x000000076ab00000, 0x000000078f100000, 0x00000007c0000000)
  eden space 356352K, 0% used [0x000000076ab00000,0x000000076ab00000,0x0000000780700000)
  from space 24576K, 5% used [0x0000000780700000,0x000000078083b890,0x0000000781f00000)
  to   space 24064K, 0% used [0x000000078d980000,0x000000078d980000,0x000000078f100000)
 ParOldGen       total 109568K, used 17626K [0x00000006c0000000, 0x00000006c6b00000, 0x000000076ab00000)
  object space 109568K, 16% used [0x00000006c0000000,0x00000006c1136980,0x00000006c6b00000)
 Metaspace       used 25029K, capacity 25445K, committed 25728K, reserved 1071104K
  class space    used 2979K, capacity 3099K, committed 3200K, reserved 1048576K
}
Event: 10.172 GC heap before
{Heap before GC invocations=9 (full 1):
 PSYoungGen      total 380928K, used 357614K [0x000000076ab00000, 0x000000078f100000, 0x00000007c0000000)
  eden space 356352K, 100% used [0x000000076ab00000,0x0000000780700000,0x0000000780700000)
  from space 24576K, 5% used [0x0000000780700000,0x000000078083b890,0x0000000781f00000)
  to   space 24064K, 0% used [0x000000078d980000,0x000000078d980000,0x000000078f100000)
 ParOldGen       total 109568K, used 17626K [0x00000006c0000000, 0x00000006c6b00000, 0x000000076ab00000)
  object space 109568K, 16% used [0x00000006c0000000,0x00000006c1136980,0x00000006c6b00000)
 Metaspace       used 25076K, capacity 25515K, committed 25728K, reserved 1071104K
  class space    used 2980K, capacity 3100K, committed 3200K, reserved 1048576K
Event: 10.177 GC heap after
Heap after GC invocations=9 (full 1):
 PSYoungGen      total 541184K, used 256K [0x000000076ab00000, 0x000000078e180000, 0x00000007c0000000)
  eden space 532992K, 0% used [0x000000076ab00000,0x000000076ab00000,0x000000078b380000)
  from space 8192K, 3% used [0x000000078d980000,0x000000078d9c0000,0x000000078e180000)
  to   space 23552K, 0% used [0x000000078b380000,0x000000078b380000,0x000000078ca80000)
 ParOldGen       total 109568K, used 18713K [0x00000006c0000000, 0x00000006c6b00000, 0x000000076ab00000)
  object space 109568K, 17% used [0x00000006c0000000,0x00000006c1246738,0x00000006c6b00000)
 Metaspace       used 25076K, capacity 25515K, committed 25728K, reserved 1071104K
  class space    used 2980K, capacity 3100K, committed 3200K, reserved 1048576K
}

