# JRE version: OpenJDK Runtime Environment (8.0_382-b05) (build 1.8.0_382-b05)
# Java VM: OpenJDK 64-Bit Server VM (25.382-b05 mixed mode bsd-amd64 compressed oops)
Heap:
 PSYoungGen      total 376832K, used 311578K [0x000000076ab00000, 0x0000000786280000, 0x00000007c0000000)
  eden space 352768K, 87% used [0x000000076ab00000,0x000000077d9f30d8,0x0000000780380000)
  from space 24064K, 5% used [0x0000000781b80000,0x0000000781cd38a0,0x0000000783300000)
  to   space 24576K, 0% used [0x0000000780380000,0x0000000780380000,0x0000000781b80000)
 ParOldGen       total 109568K, used 17557K [0x00000006c0000000, 0x00000006c6b00000, 0x000000076ab00000)
  object space 109568K, 16% used [0x00000006c0000000,0x00000006c11256c8,0x00000006c6b00000)
 Metaspace       used 25064K, capacity 25517K, committed 25728K, reserved 1071104K
  class space    used 2972K, capacity 3099K, committed 3200K, reserved 1048576K
GC Heap History (10 events):
Event: 2.701 GC heap before
{Heap before GC invocations=3 (full 0):
 PSYoungGen      total 141824K, used 47697K [0x000000076ab00000, 0x0000000774000000, 0x00000007c0000000)
  eden space 131072K, 28% used [0x000000076ab00000,0x000000076cf1b630,0x0000000772b00000)
  from space 10752K, 99% used [0x0000000773580000,0x0000000773ff8f60,0x0000000774000000)
  to   space 10752K, 0% used [0x0000000772b00000,0x0000000772b00000,0x0000000773580000)
 ParOldGen       total 175104K, used 11797K [0x00000006c0000000, 0x00000006cab00000, 0x000000076ab00000)
  object space 175104K, 6% used [0x00000006c0000000,0x00000006c0b857d0,0x00000006cab00000)
 Metaspace       used 20841K, capacity 21120K, committed 21248K, reserved 1067008K
  class space    used 2645K, capacity 2744K, committed 2816K, reserved 1048576K
Event: 2.745 GC heap after
Heap after GC invocations=3 (full 0):
 PSYoungGen      total 141824K, used 10720K [0x000000076ab00000, 0x000000077c000000, 0x00000007c0000000)
  eden space 131072K, 0% used [0x000000076ab00000,0x000000076ab00000,0x0000000772b00000)
  from space 10752K, 99% used [0x0000000772b00000,0x00000007735780a8,0x0000000773580000)
  to   space 10752K, 0% used [0x000000077b580000,0x000000077b580000,0x000000077c000000)
 ParOldGen       total 175104K, used 17444K [0x00000006c0000000, 0x00000006cab00000, 0x000000076ab00000)
  object space 175104K, 9% used [0x00000006c0000000,0x00000006c1109248,0x00000006cab00000)
 Metaspace       used 20841K, capacity 21120K, committed 21248K, reserved 1067008K
  class space    used 2645K, capacity 2744K, committed 2816K, reserved 1048576K
}
Event: 2.745 GC heap before
{Heap before GC invocations=4 (full 1):
 PSYoungGen      total 141824K, used 10720K [0x000000076ab00000, 0x000000077c000000, 0x00000007c0000000)
  eden space 131072K, 0% used [0x000000076ab00000,0x000000076ab00000,0x0000000772b00000)
  from space 10752K, 99% used [0x0000000772b00000,0x00000007735780a8,0x0000000773580000)
  to   space 10752K, 0% used [0x000000077b580000,0x000000077b580000,0x000000077c000000)
 ParOldGen       total 175104K, used 17444K [0x00000006c0000000, 0x00000006cab00000, 0x000000076ab00000)
  object space 175104K, 9% used [0x00000006c0000000,0x00000006c1109248,0x00000006cab00000)
 Metaspace       used 20841K, capacity 21120K, committed 21248K, reserved 1067008K
  class space    used 2645K, capacity 2744K, committed 2816K, reserved 1048576K
Event: 2.778 GC heap after
Heap after GC invocations=4 (full 1):
 PSYoungGen      total 141824K, used 0K [0x000000076ab00000, 0x000000077c000000, 0x00000007c0000000)
  eden space 131072K, 0% used [0x000000076ab00000,0x000000076ab00000,0x0000000772b00000)
  from space 10752K, 0% used [0x0000000772b00000,0x0000000772b00000,0x0000000773580000)
  to   space 10752K, 0% used [0x000000077b580000,0x000000077b580000,0x000000077c000000)
 ParOldGen       total 109568K, used 17541K [0x00000006c0000000, 0x00000006c6b00000, 0x000000076ab00000)
  object space 109568K, 16% used [0x00000006c0000000,0x00000006c11216c8,0x00000006c6b00000)
 Metaspace       used 20841K, capacity 21120K, committed 21248K, reserved 1067008K
  class space    used 2645K, capacity 2744K, committed 2816K, reserved 1048576K
}
Event: 4.939 GC heap before
{Heap before GC invocations=5 (full 1):
 PSYoungGen      total 141824K, used 131072K [0x000000076ab00000, 0x000000077c000000, 0x00000007c0000000)
  eden space 131072K, 100% used [0x000000076ab00000,0x0000000772b00000,0x0000000772b00000)
  from space 10752K, 0% used [0x0000000772b00000,0x0000000772b00000,0x0000000773580000)
  to   space 10752K, 0% used [0x000000077b580000,0x000000077b580000,0x000000077c000000)
 ParOldGen       total 109568K, used 17541K [0x00000006c0000000, 0x00000006c6b00000, 0x000000076ab00000)
  object space 109568K, 16% used [0x00000006c0000000,0x00000006c11216c8,0x00000006c6b00000)
 Metaspace       used 24844K, capacity 25181K, committed 25344K, reserved 1071104K
  class space    used 2961K, capacity 3059K, committed 3072K, reserved 1048576K
Event: 4.945 GC heap after
Heap after GC invocations=5 (full 1):
 PSYoungGen      total 222208K, used 3121K [0x000000076ab00000, 0x000000077b900000, 0x00000007c0000000)
  eden space 218624K, 0% used [0x000000076ab00000,0x000000076ab00000,0x0000000778080000)
  from space 3584K, 87% used [0x000000077b580000,0x000000077b88c588,0x000000077b900000)
  to   space 10752K, 0% used [0x000000077a400000,0x000000077a400000,0x000000077ae80000)
 ParOldGen       total 109568K, used 17541K [0x00000006c0000000, 0x00000006c6b00000, 0x000000076ab00000)
  object space 109568K, 16% used [0x00000006c0000000,0x00000006c11216c8,0x00000006c6b00000)
 Metaspace       used 24844K, capacity 25181K, committed 25344K, reserved 1071104K
  class space    used 2961K, capacity 3059K, committed 3072K, reserved 1048576K
}
Event: 5.954 GC heap before
{Heap before GC invocations=6 (full 1):
 PSYoungGen      total 222208K, used 221745K [0x000000076ab00000, 0x000000077b900000, 0x00000007c0000000)
  eden space 218624K, 100% used [0x000000076ab00000,0x0000000778080000,0x0000000778080000)
  from space 3584K, 87% used [0x000000077b580000,0x000000077b88c588,0x000000077b900000)
  to   space 10752K, 0% used [0x000000077a400000,0x000000077a400000,0x000000077ae80000)
 ParOldGen       total 109568K, used 17541K [0x00000006c0000000, 0x00000006c6b00000, 0x000000076ab00000)
  object space 109568K, 16% used [0x00000006c0000000,0x00000006c11216c8,0x00000006c6b00000)
 Metaspace       used 24967K, capacity 25339K, committed 25600K, reserved 1071104K
  class space    used 2965K, capacity 3064K, committed 3072K, reserved 1048576K
Event: 5.959 GC heap after
Heap after GC invocations=6 (full 1):
 PSYoungGen      total 265728K, used 1326K [0x000000076ab00000, 0x0000000783300000, 0x00000007c0000000)
  eden space 254976K, 0% used [0x000000076ab00000,0x000000076ab00000,0x000000077a400000)
  from space 10752K, 12% used [0x000000077a400000,0x000000077a54b8a0,0x000000077ae80000)
  to   space 24064K, 0% used [0x0000000781b80000,0x0000000781b80000,0x0000000783300000)
 ParOldGen       total 109568K, used 17549K [0x00000006c0000000, 0x00000006c6b00000, 0x000000076ab00000)
  object space 109568K, 16% used [0x00000006c0000000,0x00000006c11236c8,0x00000006c6b00000)
 Metaspace       used 24967K, capacity 25339K, committed 25600K, reserved 1071104K
  class space    used 2965K, capacity 3064K, committed 3072K, reserved 1048576K
}
Event: 6.910 GC heap before
{Heap before GC invocations=7 (full 1):
 PSYoungGen      total 265728K, used 256302K [0x000000076ab00000, 0x0000000783300000, 0x00000007c0000000)
  eden space 254976K, 100% used [0x000000076ab00000,0x000000077a400000,0x000000077a400000)
  from space 10752K, 12% used [0x000000077a400000,0x000000077a54b8a0,0x000000077ae80000)
  to   space 24064K, 0% used [0x0000000781b80000,0x0000000781b80000,0x0000000783300000)
 ParOldGen       total 109568K, used 17549K [0x00000006c0000000, 0x00000006c6b00000, 0x000000076ab00000)
  object space 109568K, 16% used [0x00000006c0000000,0x00000006c11236c8,0x00000006c6b00000)
 Metaspace       used 25007K, capacity 25435K, committed 25728K, reserved 1071104K
  class space    used 2968K, capacity 3096K, committed 3200K, reserved 1048576K
Event: 6.916 GC heap after
Heap after GC invocations=7 (full 1):
 PSYoungGen      total 376832K, used 1358K [0x000000076ab00000, 0x0000000786280000, 0x00000007c0000000)
  eden space 352768K, 0% used [0x000000076ab00000,0x000000076ab00000,0x0000000780380000)
  from space 24064K, 5% used [0x0000000781b80000,0x0000000781cd38a0,0x0000000783300000)
  to   space 24576K, 0% used [0x0000000780380000,0x0000000780380000,0x0000000781b80000)
 ParOldGen       total 109568K, used 17557K [0x00000006c0000000, 0x00000006c6b00000, 0x000000076ab00000)
  object space 109568K, 16% used [0x00000006c0000000,0x00000006c11256c8,0x00000006c6b00000)
 Metaspace       used 25007K, capacity 25435K, committed 25728K, reserved 1071104K
  class space    used 2968K, capacity 3096K, committed 3200K, reserved 1048576K
}

